# JRE version: Java(TM) SE Runtime Environment (8.0_25-b18) (build 1.8.0_25-b18)
# Java VM: Java HotSpot(TM) 64-Bit Server VM (25.25-b02 mixed mode windows-amd64 compressed oops)
Heap:
 PSYoungGen      total 180224K, used 98615K [0x000000076b200000, 0x0000000777600000, 0x00000007c0000000)
  eden space 174080K, 56% used [0x000000076b200000,0x000000077124deb0,0x0000000775c00000)
  from space 6144K, 0% used [0x0000000775c00000,0x0000000775c00000,0x0000000776200000)
  to   space 13312K, 0% used [0x0000000776900000,0x0000000776900000,0x0000000777600000)
 ParOldGen       total 176128K, used 18507K [0x00000006c1600000, 0x00000006cc200000, 0x000000076b200000)
  object space 176128K, 10% used [0x00000006c1600000,0x00000006c2812f68,0x00000006cc200000)
 Metaspace       used 42047K, capacity 44730K, committed 45056K, reserved 1087488K
  class space    used 5714K, capacity 6314K, committed 6400K, reserved 1048576K
GC Heap History (10 events):
Event: 537.788 GC heap before
{Heap before GC invocations=13 (full 4):
 PSYoungGen      total 144384K, used 130531K [0x000000076b200000, 0x0000000774c80000, 0x00000007c0000000)
  eden space 130560K, 99% used [0x000000076b200000,0x0000000773178f50,0x0000000773180000)
  from space 13824K, 0% used [0x0000000773f00000,0x0000000773f00000,0x0000000774c80000)
  to   space 13824K, 0% used [0x0000000773180000,0x0000000773180000,0x0000000773f00000)
 ParOldGen       total 176128K, used 16239K [0x00000006c1600000, 0x00000006cc200000, 0x000000076b200000)
  object space 176128K, 9% used [0x00000006c1600000,0x00000006c25dbc20,0x00000006cc200000)
 Metaspace       used 40253K, capacity 42650K, committed 42880K, reserved 1085440K
  class space    used 5474K, capacity 5985K, committed 6016K, reserved 1048576K
Event: 537.803 GC heap after
Heap after GC invocations=13 (full 4):
 PSYoungGen      total 144384K, used 6230K [0x000000076b200000, 0x0000000777700000, 0x00000007c0000000)
  eden space 130560K, 0% used [0x000000076b200000,0x000000076b200000,0x0000000773180000)
  from space 13824K, 45% used [0x0000000773180000,0x0000000773795ab8,0x0000000773f00000)
  to   space 13824K, 0% used [0x0000000776980000,0x0000000776980000,0x0000000777700000)
 ParOldGen       total 176128K, used 16247K [0x00000006c1600000, 0x00000006cc200000, 0x000000076b200000)
  object space 176128K, 9% used [0x00000006c1600000,0x00000006c25ddc20,0x00000006cc200000)
 Metaspace       used 40253K, capacity 42650K, committed 42880K, reserved 1085440K
  class space    used 5474K, capacity 5985K, committed 6016K, reserved 1048576K
}
Event: 611.428 GC heap before
{Heap before GC invocations=14 (full 4):
 PSYoungGen      total 144384K, used 51476K [0x000000076b200000, 0x0000000777700000, 0x00000007c0000000)
  eden space 130560K, 34% used [0x000000076b200000,0x000000076de2f8b0,0x0000000773180000)
  from space 13824K, 45% used [0x0000000773180000,0x0000000773795ab8,0x0000000773f00000)
  to   space 13824K, 0% used [0x0000000776980000,0x0000000776980000,0x0000000777700000)
 ParOldGen       total 176128K, used 16247K [0x00000006c1600000, 0x00000006cc200000, 0x000000076b200000)
  object space 176128K, 9% used [0x00000006c1600000,0x00000006c25ddc20,0x00000006cc200000)
 Metaspace       used 40293K, capacity 42656K, committed 42880K, reserved 1085440K
  class space    used 5478K, capacity 5987K, committed 6016K, reserved 1048576K
Event: 611.431 GC heap after
Heap after GC invocations=14 (full 4):
 PSYoungGen      total 187904K, used 3076K [0x000000076b200000, 0x0000000777700000, 0x00000007c0000000)
  eden space 174080K, 0% used [0x000000076b200000,0x000000076b200000,0x0000000775c00000)
  from space 13824K, 22% used [0x0000000776980000,0x0000000776c81148,0x0000000777700000)
  to   space 13824K, 0% used [0x0000000775c00000,0x0000000775c00000,0x0000000776980000)
 ParOldGen       total 176128K, used 16255K [0x00000006c1600000, 0x00000006cc200000, 0x000000076b200000)
  object space 176128K, 9% used [0x00000006c1600000,0x00000006c25dfc20,0x00000006cc200000)
 Metaspace       used 40293K, capacity 42656K, committed 42880K, reserved 1085440K
  class space    used 5478K, capacity 5987K, committed 6016K, reserved 1048576K
}
Event: 611.431 GC heap before
{Heap before GC invocations=15 (full 5):
 PSYoungGen      total 187904K, used 3076K [0x000000076b200000, 0x0000000777700000, 0x00000007c0000000)
  eden space 174080K, 0% used [0x000000076b200000,0x000000076b200000,0x0000000775c00000)
  from space 13824K, 22% used [0x0000000776980000,0x0000000776c81148,0x0000000777700000)
  to   space 13824K, 0% used [0x0000000775c00000,0x0000000775c00000,0x0000000776980000)
 ParOldGen       total 176128K, used 16255K [0x00000006c1600000, 0x00000006cc200000, 0x000000076b200000)
  object space 176128K, 9% used [0x00000006c1600000,0x00000006c25dfc20,0x00000006cc200000)
 Metaspace       used 40293K, capacity 42656K, committed 42880K, reserved 1085440K
  class space    used 5478K, capacity 5987K, committed 6016K, reserved 1048576K
Event: 611.518 GC heap after
Heap after GC invocations=15 (full 5):
 PSYoungGen      total 187904K, used 0K [0x000000076b200000, 0x0000000777700000, 0x00000007c0000000)
  eden space 174080K, 0% used [0x000000076b200000,0x000000076b200000,0x0000000775c00000)
  from space 13824K, 0% used [0x0000000776980000,0x0000000776980000,0x0000000777700000)
  to   space 13824K, 0% used [0x0000000775c00000,0x0000000775c00000,0x0000000776980000)
 ParOldGen       total 176128K, used 15510K [0x00000006c1600000, 0x00000006cc200000, 0x000000076b200000)
  object space 176128K, 8% used [0x00000006c1600000,0x00000006c2525ba0,0x00000006cc200000)
 Metaspace       used 40288K, capacity 42644K, committed 42880K, reserved 1085440K
  class space    used 5476K, capacity 5983K, committed 6016K, reserved 1048576K
}
Event: 684.398 GC heap before
{Heap before GC invocations=16 (full 5):
 PSYoungGen      total 187904K, used 123202K [0x000000076b200000, 0x0000000777700000, 0x00000007c0000000)
  eden space 174080K, 70% used [0x000000076b200000,0x0000000772a50918,0x0000000775c00000)
  from space 13824K, 0% used [0x0000000776980000,0x0000000776980000,0x0000000777700000)
  to   space 13824K, 0% used [0x0000000775c00000,0x0000000775c00000,0x0000000776980000)
 ParOldGen       total 176128K, used 15510K [0x00000006c1600000, 0x00000006cc200000, 0x000000076b200000)
  object space 176128K, 8% used [0x00000006c1600000,0x00000006c2525ba0,0x00000006cc200000)
 Metaspace       used 41919K, capacity 44482K, committed 44672K, reserved 1087488K
  class space    used 5690K, capacity 6255K, committed 6272K, reserved 1048576K
Event: 684.412 GC heap after
Heap after GC invocations=16 (full 5):
 PSYoungGen      total 180224K, used 5970K [0x000000076b200000, 0x0000000777600000, 0x00000007c0000000)
  eden space 174080K, 0% used [0x000000076b200000,0x000000076b200000,0x0000000775c00000)
  from space 6144K, 97% used [0x0000000775c00000,0x00000007761d49e8,0x0000000776200000)
  to   space 13312K, 0% used [0x0000000776900000,0x0000000776900000,0x0000000777600000)
 ParOldGen       total 176128K, used 15518K [0x00000006c1600000, 0x00000006cc200000, 0x000000076b200000)
  object space 176128K, 8% used [0x00000006c1600000,0x00000006c2527ba0,0x00000006cc200000)
 Metaspace       used 41919K, capacity 44482K, committed 44672K, reserved 1087488K
  class space    used 5690K, capacity 6255K, committed 6272K, reserved 1048576K
}
Event: 684.412 GC heap before
{Heap before GC invocations=17 (full 6):
 PSYoungGen      total 180224K, used 5970K [0x000000076b200000, 0x0000000777600000, 0x00000007c0000000)
  eden space 174080K, 0% used [0x000000076b200000,0x000000076b200000,0x0000000775c00000)
  from space 6144K, 97% used [0x0000000775c00000,0x00000007761d49e8,0x0000000776200000)
  to   space 13312K, 0% used [0x0000000776900000,0x0000000776900000,0x0000000777600000)
 ParOldGen       total 176128K, used 15518K [0x00000006c1600000, 0x00000006cc200000, 0x000000076b200000)
  object space 176128K, 8% used [0x00000006c1600000,0x00000006c2527ba0,0x00000006cc200000)
 Metaspace       used 41919K, capacity 44482K, committed 44672K, reserved 1087488K
  class space    used 5690K, capacity 6255K, committed 6272K, reserved 1048576K
Event: 684.511 GC heap after
Heap after GC invocations=17 (full 6):
 PSYoungGen      total 180224K, used 0K [0x000000076b200000, 0x0000000777600000, 0x00000007c0000000)
  eden space 174080K, 0% used [0x000000076b200000,0x000000076b200000,0x0000000775c00000)
  from space 6144K, 0% used [0x0000000775c00000,0x0000000775c00000,0x0000000776200000)
  to   space 13312K, 0% used [0x0000000776900000,0x0000000776900000,0x0000000777600000)
 ParOldGen       total 176128K, used 18507K [0x00000006c1600000, 0x00000006cc200000, 0x000000076b200000)
  object space 176128K, 10% used [0x00000006c1600000,0x00000006c2812f68,0x00000006cc200000)
 Metaspace       used 41917K, capacity 44476K, committed 44672K, reserved 1087488K
  class space    used 5689K, capacity 6253K, committed 6272K, reserved 1048576K
}

